<?xml version="1.0" encoding="UTF-8"?>
<testng-results ignored="0" total="1" passed="0" failed="1" skipped="0">
  <reporter-output>
  </reporter-output>
  <suite started-at="2023-02-23T12:15:46 IST" name="Default suite" finished-at="2023-02-23T12:15:47 IST" duration-ms="1283">
    <groups>
    </groups>
    <test started-at="2023-02-23T12:15:46 IST" name="Default test" finished-at="2023-02-23T12:15:47 IST" duration-ms="1283">
      <class name="swatisinghappium.appiumdocquity.Appiumbasics">
        <test-method signature="AppiumTest()[pri:0, instance:swatisinghappium.appiumdocquity.Appiumbasics@51e69659]" started-at="2023-02-23T12:15:46 IST" name="AppiumTest" finished-at="2023-02-23T12:15:47 IST" duration-ms="1233" status="FAIL">
          <exception class="org.openqa.selenium.SessionNotCreatedException">
            <message>
              <![CDATA[Could not start a new session. Response code 500. Message: An unknown server-side error occurred while processing the command. Original error: New app path 'C:\Users\swati.singh\eclipse-workspace\appiumdocquity\src\test\java\Resources\package-info.java' did not have extensions: .apk,.apks 
Host info: host: 'DOCQIN062', ip: '10.216.58.181'
Build info: version: '4.8.0', revision: '267030adea'
System info: os.name: 'Windows 11', os.arch: 'amd64', os.version: '10.0', java.version: '17.0.3'
Driver info: io.appium.java_client.android.AndroidDriver
Command: [null, newSession {capabilities=[{appium:deviceName=SWATI_EMULATOR, platformName=ANDROID, appium:automationName=UIAutomator2, appium:app=C:\Users\swati.singh\eclipse-workspace\appiumdocquity\src\test\java\Resources\package-info.java}], desiredCapabilities=Capabilities {appium:app: C:\Users\swati.singh\eclips..., appium:automationName: UIAutomator2, appium:deviceName: SWATI_EMULATOR, platformName: ANDROID}}]
Capabilities {}]]>
            </message>
            <full-stacktrace>
              <![CDATA[org.openqa.selenium.SessionNotCreatedException: Could not start a new session. Response code 500. Message: An unknown server-side error occurred while processing the command. Original error: New app path 'C:\Users\swati.singh\eclipse-workspace\appiumdocquity\src\test\java\Resources\package-info.java' did not have extensions: .apk,.apks 
Host info: host: 'DOCQIN062', ip: '10.216.58.181'
Build info: version: '4.8.0', revision: '267030adea'
System info: os.name: 'Windows 11', os.arch: 'amd64', os.version: '10.0', java.version: '17.0.3'
Driver info: io.appium.java_client.android.AndroidDriver
Command: [null, newSession {capabilities=[{appium:deviceName=SWATI_EMULATOR, platformName=ANDROID, appium:automationName=UIAutomator2, appium:app=C:\Users\swati.singh\eclipse-workspace\appiumdocquity\src\test\java\Resources\package-info.java}], desiredCapabilities=Capabilities {appium:app: C:\Users\swati.singh\eclips..., appium:automationName: UIAutomator2, appium:deviceName: SWATI_EMULATOR, platformName: ANDROID}}]
Capabilities {}
at org.openqa.selenium.remote.ProtocolHandshake.createSession(ProtocolHandshake.java:148)
at java.base/jdk.internal.reflect.NativeMethodAccessorImpl.invoke0(Native Method)
at java.base/jdk.internal.reflect.NativeMethodAccessorImpl.invoke(NativeMethodAccessorImpl.java:77)
at java.base/jdk.internal.reflect.DelegatingMethodAccessorImpl.invoke(DelegatingMethodAccessorImpl.java:43)
at java.base/java.lang.reflect.Method.invoke(Method.java:568)
at io.appium.java_client.remote.AppiumProtocolHandshake.createSession(AppiumProtocolHandshake.java:133)
at io.appium.java_client.remote.AppiumProtocolHandshake.createSession(AppiumProtocolHandshake.java:102)
at io.appium.java_client.remote.AppiumCommandExecutor.createSession(AppiumCommandExecutor.java:194)
at io.appium.java_client.remote.AppiumCommandExecutor.execute(AppiumCommandExecutor.java:262)
at org.openqa.selenium.remote.RemoteWebDriver.execute(RemoteWebDriver.java:543)
at io.appium.java_client.AppiumDriver.startSession(AppiumDriver.java:229)
at org.openqa.selenium.remote.RemoteWebDriver.<init>(RemoteWebDriver.java:157)
at io.appium.java_client.AppiumDriver.<init>(AppiumDriver.java:80)
at io.appium.java_client.AppiumDriver.<init>(AppiumDriver.java:92)
at io.appium.java_client.android.AndroidDriver.<init>(AndroidDriver.java:117)
at swatisinghappium.appiumdocquity.Appiumbasics.AppiumTest(Appiumbasics.java:22)
at java.base/jdk.internal.reflect.NativeMethodAccessorImpl.invoke0(Native Method)
at java.base/jdk.internal.reflect.NativeMethodAccessorImpl.invoke(NativeMethodAccessorImpl.java:77)
at java.base/jdk.internal.reflect.DelegatingMethodAccessorImpl.invoke(DelegatingMethodAccessorImpl.java:43)
at java.base/java.lang.reflect.Method.invoke(Method.java:568)
at org.testng.internal.invokers.MethodInvocationHelper.invokeMethod(MethodInvocationHelper.java:139)
at org.testng.internal.invokers.TestInvoker.invokeMethod(TestInvoker.java:677)
at org.testng.internal.invokers.TestInvoker.invokeTestMethod(TestInvoker.java:221)
at org.testng.internal.invokers.MethodRunner.runInSequence(MethodRunner.java:50)
at org.testng.internal.invokers.TestInvoker$MethodInvocationAgent.invoke(TestInvoker.java:969)
at org.testng.internal.invokers.TestInvoker.invokeTestMethods(TestInvoker.java:194)
at org.testng.internal.invokers.TestMethodWorker.invokeTestMethods(TestMethodWorker.java:148)
at org.testng.internal.invokers.TestMethodWorker.run(TestMethodWorker.java:128)
at java.base/java.util.ArrayList.forEach(ArrayList.java:1511)
at org.testng.TestRunner.privateRun(TestRunner.java:829)
at org.testng.TestRunner.run(TestRunner.java:602)
at org.testng.SuiteRunner.runTest(SuiteRunner.java:437)
at org.testng.SuiteRunner.runSequentially(SuiteRunner.java:431)
at org.testng.SuiteRunner.privateRun(SuiteRunner.java:391)
at org.testng.SuiteRunner.run(SuiteRunner.java:330)
at org.testng.SuiteRunnerWorker.runSuite(SuiteRunnerWorker.java:52)
at org.testng.SuiteRunnerWorker.run(SuiteRunnerWorker.java:95)
at org.testng.TestNG.runSuitesSequentially(TestNG.java:1256)
at org.testng.TestNG.runSuitesLocally(TestNG.java:1176)
at org.testng.TestNG.runSuites(TestNG.java:1099)
at org.testng.TestNG.run(TestNG.java:1067)
at org.testng.remote.AbstractRemoteTestNG.run(AbstractRemoteTestNG.java:115)
at org.testng.remote.RemoteTestNG.initAndRun(RemoteTestNG.java:251)
at org.testng.remote.RemoteTestNG.main(RemoteTestNG.java:77)
]]>
            </full-stacktrace>
          </exception> <!-- org.openqa.selenium.SessionNotCreatedException -->
          <reporter-output>
          </reporter-output>
        </test-method> <!-- AppiumTest -->
      </class> <!-- swatisinghappium.appiumdocquity.Appiumbasics -->
    </test> <!-- Default test -->
  </suite> <!-- Default suite -->
</testng-results>
